{
  "RSpec": {
    "coverage": {
      "/home/stormblessed/Invitation/lib/utils/extract_guest_data.rb": [
        1,
        null,
        null,
        1,
        1,
        null,
        1,
        6,
        6,
        null,
        null,
        null,
        1,
        null,
        15,
        15,
        14,
        14,
        null,
        1,
        1,
        null,
        5,
        null,
        null,
        1,
        1,
        70,
        null,
        null,
        null
      ],
      "/home/stormblessed/Invitation/lib/utils/distance_calculator.rb": [
        1,
        1,
        null,
        1,
        null,
        1,
        11,
        11,
        11,
        11,
        null,
        null,
        1,
        41,
        null,
        null,
        1,
        null,
        null,
        10,
        10,
        10,
        10,
        null,
        10,
        10,
        null,
        10,
        10,
        null,
        null,
        null
      ],
      "/home/stormblessed/Invitation/lib/invitation_sender.rb": [
        2,
        3,
        null,
        null,
        1,
        1,
        2,
        2,
        2,
        2,
        null,
        null,
        null,
        1,
        2,
        2,
        2,
        2,
        1,
        0,
        null,
        1,
        1,
        3,
        null,
        null,
        null,
        1,
        1,
        1,
        null,
        null,
        null,
        null
      ],
      "/home/stormblessed/Invitation/lib/search/find_guests.rb": [
        1,
        null,
        1,
        1,
        4,
        4,
        4,
        4,
        null,
        null,
        null,
        null,
        1,
        4,
        4,
        9,
        9,
        null,
        5,
        null,
        null,
        null
      ],
      "/home/stormblessed/Invitation/specs/lib/search/find_guests_spec.rb": [
        1,
        null,
        1,
        1,
        2,
        null,
        null,
        2,
        null,
        1,
        1,
        1,
        null,
        null,
        1,
        1,
        null,
        null,
        null,
        null
      ],
      "/home/stormblessed/Invitation/specs/lib/utils/distance_calculator_spec.rb": [
        1,
        null,
        1,
        2,
        null,
        1,
        1,
        1,
        null,
        null,
        null,
        1,
        1,
        1,
        1,
        null,
        null,
        null,
        null
      ],
      "/home/stormblessed/Invitation/specs/lib/utils/extract_guest_data_spec.rb": [
        1,
        1,
        null,
        1,
        null,
        1,
        1,
        1,
        1,
        1,
        null,
        null,
        1,
        1,
        null,
        null,
        null,
        1,
        1,
        1,
        1,
        1,
        null,
        null,
        1,
        1,
        null,
        null,
        null,
        null
      ]
    },
    "timestamp": 1514401835
  }
}
